# JRE version: Java(TM) SE Runtime Environment (13.0.2+8) (build 13.0.2+8)
# Java VM: Java HotSpot(TM) 64-Bit Server VM (13.0.2+8, mixed mode, sharing, tiered, compressed oops, g1 gc, bsd-amd64)
Heap:
 garbage-first heap   total 45056K, used 13607K [0x0000000700000000, 0x0000000800000000)
  region size 1024K, 3 young (3072K), 2 survivors (2048K)
 Metaspace       used 25244K, capacity 26060K, committed 26496K, reserved 1073152K
  class space    used 3069K, capacity 3383K, committed 3456K, reserved 1048576K
GC Heap History (6 events):
Event: 0.520 GC heap before
{Heap before GC invocations=0 (full 0):
 garbage-first heap   total 264192K, used 24312K [0x0000000700000000, 0x0000000800000000)
  region size 1024K, 24 young (24576K), 0 survivors (0K)
 Metaspace       used 6743K, capacity 8698K, committed 8960K, reserved 1056768K
  class space    used 733K, capacity 953K, committed 1024K, reserved 1048576K
}
Event: 0.527 GC heap after
{Heap after GC invocations=1 (full 0):
 garbage-first heap   total 264192K, used 5144K [0x0000000700000000, 0x0000000800000000)
  region size 1024K, 3 young (3072K), 3 survivors (3072K)
 Metaspace       used 6743K, capacity 8698K, committed 8960K, reserved 1056768K
  class space    used 733K, capacity 953K, committed 1024K, reserved 1048576K
}
Event: 1.574 GC heap before
{Heap before GC invocations=1 (full 0):
 garbage-first heap   total 264192K, used 69656K [0x0000000700000000, 0x0000000800000000)
  region size 1024K, 67 young (68608K), 3 survivors (3072K)
 Metaspace       used 20508K, capacity 21139K, committed 21248K, reserved 1067008K
  class space    used 2508K, capacity 2783K, committed 2816K, reserved 1048576K
}
Event: 1.586 GC heap after
{Heap after GC invocations=2 (full 0):
 garbage-first heap   total 264192K, used 9277K [0x0000000700000000, 0x0000000800000000)
  region size 1024K, 8 young (8192K), 8 survivors (8192K)
 Metaspace       used 20508K, capacity 21139K, committed 21248K, reserved 1067008K
  class space    used 2508K, capacity 2783K, committed 2816K, reserved 1048576K
}
Event: 6.269 GC heap before
{Heap before GC invocations=3 (full 0):
 garbage-first heap   total 45056K, used 28733K [0x0000000700000000, 0x0000000800000000)
  region size 1024K, 26 young (26624K), 8 survivors (8192K)
 Metaspace       used 25192K, capacity 25964K, committed 26240K, reserved 1073152K
  class space    used 3060K, capacity 3351K, committed 3456K, reserved 1048576K
}
Event: 6.281 GC heap after
{Heap after GC invocations=4 (full 0):
 garbage-first heap   total 45056K, used 11559K [0x0000000700000000, 0x0000000800000000)
  region size 1024K, 2 young (2048K), 2 survivors (2048K)
 Metaspace       used 25192K, capacity 25964K, committed 26240K, reserved 1073152K
  class space    used 3060K, capacity 3351K, committed 3456K, reserved 1048576K
}

