# JRE version: Java(TM) SE Runtime Environment (13.0.2+8) (build 13.0.2+8)
# Java VM: Java HotSpot(TM) 64-Bit Server VM (13.0.2+8, mixed mode, sharing, tiered, compressed oops, g1 gc, bsd-amd64)
Heap:
 garbage-first heap   total 45056K, used 17106K [0x0000000700000000, 0x0000000800000000)
  region size 1024K, 9 young (9216K), 2 survivors (2048K)
 Metaspace       used 26762K, capacity 27543K, committed 27776K, reserved 1073152K
  class space    used 3343K, capacity 3642K, committed 3712K, reserved 1048576K
GC Heap History (6 events):
Event: 0.534 GC heap before
{Heap before GC invocations=0 (full 0):
 garbage-first heap   total 264192K, used 24312K [0x0000000700000000, 0x0000000800000000)
  region size 1024K, 24 young (24576K), 0 survivors (0K)
 Metaspace       used 6543K, capacity 8538K, committed 8704K, reserved 1056768K
  class space    used 716K, capacity 921K, committed 1024K, reserved 1048576K
}
Event: 0.540 GC heap after
{Heap after GC invocations=1 (full 0):
 garbage-first heap   total 264192K, used 5047K [0x0000000700000000, 0x0000000800000000)
  region size 1024K, 3 young (3072K), 3 survivors (3072K)
 Metaspace       used 6543K, capacity 8538K, committed 8704K, reserved 1056768K
  class space    used 716K, capacity 921K, committed 1024K, reserved 1048576K
}
Event: 1.304 GC heap before
{Heap before GC invocations=1 (full 0):
 garbage-first heap   total 264192K, used 70583K [0x0000000700000000, 0x0000000800000000)
  region size 1024K, 68 young (69632K), 3 survivors (3072K)
 Metaspace       used 20515K, capacity 21139K, committed 21248K, reserved 1067008K
  class space    used 2506K, capacity 2783K, committed 2816K, reserved 1048576K
}
Event: 1.316 GC heap after
{Heap after GC invocations=2 (full 0):
 garbage-first heap   total 264192K, used 9339K [0x0000000700000000, 0x0000000800000000)
  region size 1024K, 8 young (8192K), 8 survivors (8192K)
 Metaspace       used 20515K, capacity 21139K, committed 21248K, reserved 1067008K
  class space    used 2506K, capacity 2783K, committed 2816K, reserved 1048576K
}
Event: 15.471 GC heap before
{Heap before GC invocations=3 (full 0):
 garbage-first heap   total 45056K, used 27771K [0x0000000700000000, 0x0000000800000000)
  region size 1024K, 26 young (26624K), 8 survivors (8192K)
 Metaspace       used 25389K, capacity 26152K, committed 26496K, reserved 1073152K
  class space    used 3095K, capacity 3414K, committed 3456K, reserved 1048576K
}
Event: 15.481 GC heap after
{Heap after GC invocations=4 (full 0):
 garbage-first heap   total 45056K, used 10962K [0x0000000700000000, 0x0000000800000000)
  region size 1024K, 2 young (2048K), 2 survivors (2048K)
 Metaspace       used 25389K, capacity 26152K, committed 26496K, reserved 1073152K
  class space    used 3095K, capacity 3414K, committed 3456K, reserved 1048576K
}

