# JRE version: Java(TM) SE Runtime Environment (13.0.2+8) (build 13.0.2+8)
# Java VM: Java HotSpot(TM) 64-Bit Server VM (13.0.2+8, mixed mode, sharing, tiered, compressed oops, g1 gc, bsd-amd64)
Heap:
 garbage-first heap   total 45056K, used 13973K [0x0000000700000000, 0x0000000800000000)
  region size 1024K, 6 young (6144K), 2 survivors (2048K)
 Metaspace       used 26512K, capacity 27287K, committed 27648K, reserved 1073152K
  class space    used 3283K, capacity 3578K, committed 3584K, reserved 1048576K
GC Heap History (6 events):
Event: 0.625 GC heap before
{Heap before GC invocations=0 (full 0):
 garbage-first heap   total 264192K, used 24312K [0x0000000700000000, 0x0000000800000000)
  region size 1024K, 24 young (24576K), 0 survivors (0K)
 Metaspace       used 6515K, capacity 8538K, committed 8704K, reserved 1056768K
  class space    used 714K, capacity 921K, committed 1024K, reserved 1048576K
}
Event: 0.635 GC heap after
{Heap after GC invocations=1 (full 0):
 garbage-first heap   total 264192K, used 4970K [0x0000000700000000, 0x0000000800000000)
  region size 1024K, 3 young (3072K), 3 survivors (3072K)
 Metaspace       used 6515K, capacity 8538K, committed 8704K, reserved 1056768K
  class space    used 714K, capacity 921K, committed 1024K, reserved 1048576K
}
Event: 1.492 GC heap before
{Heap before GC invocations=1 (full 0):
 garbage-first heap   total 264192K, used 70506K [0x0000000700000000, 0x0000000800000000)
  region size 1024K, 68 young (69632K), 3 survivors (3072K)
 Metaspace       used 20508K, capacity 21139K, committed 21248K, reserved 1067008K
  class space    used 2506K, capacity 2783K, committed 2816K, reserved 1048576K
}
Event: 1.504 GC heap after
{Heap after GC invocations=2 (full 0):
 garbage-first heap   total 264192K, used 9474K [0x0000000700000000, 0x0000000800000000)
  region size 1024K, 8 young (8192K), 8 survivors (8192K)
 Metaspace       used 20508K, capacity 21139K, committed 21248K, reserved 1067008K
  class space    used 2506K, capacity 2783K, committed 2816K, reserved 1048576K
}
Event: 9.642 GC heap before
{Heap before GC invocations=3 (full 0):
 garbage-first heap   total 45056K, used 27906K [0x0000000700000000, 0x0000000800000000)
  region size 1024K, 26 young (26624K), 8 survivors (8192K)
 Metaspace       used 25424K, capacity 26216K, committed 26496K, reserved 1073152K
  class space    used 3099K, capacity 3414K, committed 3456K, reserved 1048576K
}
Event: 9.652 GC heap after
{Heap after GC invocations=4 (full 0):
 garbage-first heap   total 45056K, used 10901K [0x0000000700000000, 0x0000000800000000)
  region size 1024K, 2 young (2048K), 2 survivors (2048K)
 Metaspace       used 25424K, capacity 26216K, committed 26496K, reserved 1073152K
  class space    used 3099K, capacity 3414K, committed 3456K, reserved 1048576K
}

