<?xml version="1.0" encoding="UTF-8"?>
<testng-results ignored="0" total="0" passed="0" failed="0" skipped="0">
  <reporter-output>
  </reporter-output>
  <suite started-at="2021-01-14T22:31:58 IST" name="Suite" finished-at="2021-01-14T22:31:59 IST" duration-ms="237">
    <groups>
      <group name="cucumber">
        <method signature="AbstractTestNGCucumberTests.runScenario(io.cucumber.testng.PickleWrapper, io.cucumber.testng.FeatureWrapper)[pri:0, instance:testRunner.TestRunner@2b6faea6]" name="runScenario" class="io.cucumber.testng.AbstractTestNGCucumberTests"/>
      </group> <!-- cucumber -->
    </groups>
    <test started-at="2021-01-14T22:31:58 IST" name="Test" finished-at="2021-01-14T22:31:59 IST" duration-ms="237">
      <class name="testRunner.TestRunner">
        <test-method is-config="true" signature="setUpClass()[pri:0, instance:testRunner.TestRunner@2b6faea6]" started-at="2021-01-14T22:31:58 IST" name="setUpClass" finished-at="2021-01-14T22:31:59 IST" duration-ms="209" status="PASS">
          <reporter-output>
          </reporter-output>
        </test-method> <!-- setUpClass -->
        <test-method is-config="true" signature="tearDownClass()[pri:0, instance:testRunner.TestRunner@2b6faea6]" started-at="2021-01-14T22:31:59 IST" name="tearDownClass" finished-at="2021-01-14T22:31:59 IST" duration-ms="8" status="PASS">
          <reporter-output>
          </reporter-output>
        </test-method> <!-- tearDownClass -->
      </class> <!-- testRunner.TestRunner -->
    </test> <!-- Test -->
  </suite> <!-- Suite -->
</testng-results>
